-------------------------------------------------------------------------------
Test set: TestSuite
-------------------------------------------------------------------------------
Tests run: 47, Failures: 1, Errors: 0, Skipped: 0, Time elapsed: 1.226 sec <<< FAILURE!
areaCalculatorTest(by.traning.task05.service.action.impl.ParallelogramCalculatorActionTest)  Time elapsed: 0.005 sec  <<< FAILURE!
java.lang.AssertionError: expected [5.65] but found [90.99999999999996]
	at org.testng.Assert.fail(Assert.java:99)
	at org.testng.Assert.failNotEquals(Assert.java:1037)
	at org.testng.Assert.assertEquals(Assert.java:671)
	at org.testng.Assert.assertEquals(Assert.java:684)
	at by.traning.task05.service.action.impl.ParallelogramCalculatorActionTest.areaCalculatorTest(ParallelogramCalculatorActionTest.java:52)

