<?xml version="1.0" encoding="UTF-8" ?>
<testsuite tests="47" failures="1" name="TestSuite" time="0.091" errors="0" skipped="0">
  <properties>
    <property name="idea.version" value="2021.1.1"/>
    <property name="java.runtime.name" value="OpenJDK Runtime Environment"/>
    <property name="java.vm.version" value="16.0.1+9-24"/>
    <property name="sun.boot.library.path" value="C:\Users\50922\.jdks\openjdk-16.0.1\bin"/>
    <property name="user.country.format" value="BY"/>
    <property name="maven.multiModuleProjectDirectory" value="E:\eightsem\epam\webEpam\task05"/>
    <property name="java.vm.vendor" value="Oracle Corporation"/>
    <property name="java.vendor.url" value="https://java.oracle.com/"/>
    <property name="guice.disable.misplaced.annotation.check" value="true"/>
    <property name="path.separator" value=";"/>
    <property name="java.vm.name" value="OpenJDK 64-Bit Server VM"/>
    <property name="sun.os.patch.level" value=""/>
    <property name="user.script" value=""/>
    <property name="user.country" value="RU"/>
    <property name="sun.java.launcher" value="SUN_STANDARD"/>
    <property name="java.vm.specification.name" value="Java Virtual Machine Specification"/>
    <property name="user.dir" value="E:\eightsem\epam\webEpam\task05"/>
    <property name="java.vm.compressedOopsMode" value="Zero based"/>
    <property name="java.runtime.version" value="16.0.1+9-24"/>
    <property name="os.arch" value="amd64"/>
    <property name="java.io.tmpdir" value="C:\Users\50922\AppData\Local\Temp\"/>
    <property name="line.separator" value="
"/>
    <property name="java.vm.specification.vendor" value="Oracle Corporation"/>
    <property name="user.variant" value=""/>
    <property name="os.name" value="Windows 10"/>
    <property name="maven.ext.class.path" value="C:\Program Files\JetBrains\IntelliJ IDEA 2021.1.1\plugins\maven\lib\maven-event-listener.jar"/>
    <property name="classworlds.conf" value="C:\Program Files\JetBrains\IntelliJ IDEA 2021.1.1\plugins\maven\lib\maven3\bin\m2.conf"/>
    <property name="sun.jnu.encoding" value="Cp1251"/>
    <property name="java.library.path" value="C:\Users\50922\.jdks\openjdk-16.0.1\bin;C:\Windows\Sun\Java\bin;C:\Windows\system32;C:\Windows;C:\Windows\system32;C:\Windows;C:\Windows\System32\Wbem;C:\Windows\System32\WindowsPowerShell\v1.0\;C:\Windows\System32\OpenSSH\;C:\Program Files (x86)\NVIDIA Corporation\PhysX\Common;C:\Program Files\Git\cmd;C:\Users\50922\AppData\Local\Microsoft\WindowsApps;;C:\Program Files\JetBrains\IntelliJ IDEA 2021.1.1\bin;;."/>
    <property name="maven.conf" value="C:\Program Files\JetBrains\IntelliJ IDEA 2021.1.1\plugins\maven\lib\maven3/conf"/>
    <property name="jdk.debug" value="release"/>
    <property name="java.class.version" value="60.0"/>
    <property name="java.specification.name" value="Java Platform API Specification"/>
    <property name="sun.management.compiler" value="HotSpot 64-Bit Tiered Compilers"/>
    <property name="os.version" value="10.0"/>
    <property name="user.home" value="C:\Users\50922"/>
    <property name="user.timezone" value="Europe/Minsk"/>
    <property name="file.encoding" value="UTF-8"/>
    <property name="java.specification.version" value="16"/>
    <property name="user.name" value="50922"/>
    <property name="java.class.path" value="C:\Program Files\JetBrains\IntelliJ IDEA 2021.1.1\plugins\maven\lib\maven3\boot\plexus-classworlds-2.6.0.jar;C:\Program Files\JetBrains\IntelliJ IDEA 2021.1.1\plugins\maven\lib\maven3\boot\plexus-classworlds.license"/>
    <property name="java.vm.specification.version" value="16"/>
    <property name="sun.arch.data.model" value="64"/>
    <property name="sun.java.command" value="org.codehaus.classworlds.Launcher -Didea.version=2021.1.1 test"/>
    <property name="java.home" value="C:\Users\50922\.jdks\openjdk-16.0.1"/>
    <property name="user.language" value="ru"/>
    <property name="java.specification.vendor" value="Oracle Corporation"/>
    <property name="java.vm.info" value="mixed mode, sharing"/>
    <property name="java.version" value="16.0.1"/>
    <property name="java.vendor" value="Oracle Corporation"/>
    <property name="maven.home" value="C:\Program Files\JetBrains\IntelliJ IDEA 2021.1.1\plugins\maven\lib\maven3"/>
    <property name="file.separator" value="\"/>
    <property name="java.version.date" value="2021-04-20"/>
    <property name="java.vendor.url.bug" value="https://bugreport.java.com/bugreport/"/>
    <property name="sun.io.unicode.encoding" value="UnicodeLittle"/>
    <property name="sun.cpu.endian" value="little"/>
    <property name="sun.cpu.isalist" value="amd64"/>
  </properties>
  <testcase classname="by.traning.task05.dao.impl.FileQuadrilateralDAOTest" name="fileQuadrilateralDAONegativeTest" time="0.015"/>
  <testcase classname="by.traning.task05.dao.impl.FileQuadrilateralDAOTest" name="fileQuadrilateralDAONegativeTest" time="0"/>
  <testcase classname="by.traning.task05.dao.impl.FileQuadrilateralDAOTest" name="fileQuadrilateralDAOTest" time="0"/>
  <testcase classname="by.traning.task05.dao.impl.FileQuadrilateralDAOTest" name="isNumericNegativeTest" time="0.001"/>
  <testcase classname="by.traning.task05.dao.impl.FileQuadrilateralDAOTest" name="isNumericNegativeTest" time="0"/>
  <testcase classname="by.traning.task05.dao.impl.FileQuadrilateralDAOTest" name="isNumericNegativeTest" time="0"/>
  <testcase classname="by.traning.task05.dao.impl.FileQuadrilateralDAOTest" name="isNumericTest" time="0.018"/>
  <testcase classname="by.traning.task05.service.action.CalculatorHelperTest" name="distanceTest" time="0.001"/>
  <testcase classname="by.traning.task05.service.action.CalculatorHelperTest" name="slopeTest" time="0"/>
  <testcase classname="by.traning.task05.service.action.CalculatorHelperTest" name="triangleAreaTest" time="0.001"/>
  <testcase classname="by.traning.task05.service.action.impl.ParallelogramCalculatorActionTest" name="areaCalculatorTest" time="0.005">
    <failure message="expected [5.65] but found [90.99999999999996]" type="java.lang.AssertionError">java.lang.AssertionError: expected [5.65] but found [90.99999999999996]
	at org.testng.Assert.fail(Assert.java:99)
	at org.testng.Assert.failNotEquals(Assert.java:1037)
	at org.testng.Assert.assertEquals(Assert.java:671)
	at org.testng.Assert.assertEquals(Assert.java:684)
	at by.traning.task05.service.action.impl.ParallelogramCalculatorActionTest.areaCalculatorTest(ParallelogramCalculatorActionTest.java:52)
</failure>
  </testcase>
  <testcase classname="by.traning.task05.service.observer.impl.ObservableQuadrilateralTest" name="returnFalseIfTheUpdateNotifyWorks" time="0.027"/>
  <testcase classname="by.traning.task05.service.observer.impl.ObserverQuadrilateralTest" name="getQuadrilateralParameterByItemIdTest" time="0"/>
  <testcase classname="by.traning.task05.service.observer.impl.ObserverQuadrilateralTest" name="updateTest" time="0.001"/>
  <testcase classname="by.traning.task05.service.validator.NumericValueValidatorTest" name="isNumericNegativeTest" time="0.001"/>
  <testcase classname="by.traning.task05.service.validator.NumericValueValidatorTest" name="isNumericNegativeTest" time="0"/>
  <testcase classname="by.traning.task05.service.validator.NumericValueValidatorTest" name="isNumericTest" time="0.001"/>
  <testcase classname="by.traning.task05.service.validator.NumericValueValidatorTest" name="isNumericTest" time="0"/>
  <testcase classname="by.traning.task05.service.validator.NumericValueValidatorTest" name="isNumericTest" time="0"/>
  <testcase classname="by.traning.task05.service.validator.PointValidatorTest" name="isValidPointNegativeTest" time="0.001"/>
  <testcase classname="by.traning.task05.service.validator.PointValidatorTest" name="isValidPointNegativeTest" time="0"/>
  <testcase classname="by.traning.task05.service.validator.PointValidatorTest" name="isValidPointTest" time="0.001"/>
  <testcase classname="by.traning.task05.service.validator.PointValidatorTest" name="isValidPointTest" time="0.001"/>
  <testcase classname="by.traning.task05.service.validator.quadrilateralvalidator.ConvexValidatorTest" name="isConvexNegativeTest" time="0.002"/>
  <testcase classname="by.traning.task05.service.validator.quadrilateralvalidator.ConvexValidatorTest" name="isConvexNegativeTest" time="0"/>
  <testcase classname="by.traning.task05.service.validator.quadrilateralvalidator.ConvexValidatorTest" name="isConvexTest" time="0.001"/>
  <testcase classname="by.traning.task05.service.validator.quadrilateralvalidator.ParallelogramValidatorTest" name="isConvexNegativeTest" time="0.001"/>
  <testcase classname="by.traning.task05.service.validator.quadrilateralvalidator.ParallelogramValidatorTest" name="isConvexNegativeTest" time="0"/>
  <testcase classname="by.traning.task05.service.validator.quadrilateralvalidator.ParallelogramValidatorTest" name="isConvexTest" time="0.001"/>
  <testcase classname="by.traning.task05.service.validator.quadrilateralvalidator.QuadrilateralValidatorTest" name="isConvexNegativeTest" time="0.001"/>
  <testcase classname="by.traning.task05.service.validator.quadrilateralvalidator.QuadrilateralValidatorTest" name="isConvexNegativeTest" time="0"/>
  <testcase classname="by.traning.task05.service.validator.quadrilateralvalidator.QuadrilateralValidatorTest" name="isConvexTest" time="0"/>
  <testcase classname="by.traning.task05.service.validator.quadrilateralvalidator.RectangleValidatorTest" name="isConvexNegativeTest" time="0.002"/>
  <testcase classname="by.traning.task05.service.validator.quadrilateralvalidator.RectangleValidatorTest" name="isConvexNegativeTest" time="0"/>
  <testcase classname="by.traning.task05.service.validator.quadrilateralvalidator.RectangleValidatorTest" name="isConvexTest" time="0.002"/>
  <testcase classname="by.traning.task05.service.validator.quadrilateralvalidator.RhombusValidatorTest" name="isConvexNegativeTest" time="0.001"/>
  <testcase classname="by.traning.task05.service.validator.quadrilateralvalidator.RhombusValidatorTest" name="isConvexNegativeTest" time="0"/>
  <testcase classname="by.traning.task05.service.validator.quadrilateralvalidator.RhombusValidatorTest" name="isConvexTest" time="0.001"/>
  <testcase classname="by.traning.task05.service.validator.quadrilateralvalidator.SquareValidatorTest" name="isConvexNegativeTest" time="0.001"/>
  <testcase classname="by.traning.task05.service.validator.quadrilateralvalidator.SquareValidatorTest" name="isConvexNegativeTest" time="0"/>
  <testcase classname="by.traning.task05.service.validator.quadrilateralvalidator.SquareValidatorTest" name="isConvexTest" time="0.001"/>
  <testcase classname="by.traning.task05.service.validator.quadrilateralvalidator.TrapezoidValidatorTest" name="isConvexNegativeTest" time="0.001"/>
  <testcase classname="by.traning.task05.service.validator.quadrilateralvalidator.TrapezoidValidatorTest" name="isConvexNegativeTest" time="0"/>
  <testcase classname="by.traning.task05.service.validator.quadrilateralvalidator.TrapezoidValidatorTest" name="isConvexTest" time="0.001"/>
  <testcase classname="by.traning.task05.service.validator.ThreePointsOnSameLineValidatorTest" name="isThreePointsOnSameLineNegativeTest" time="0"/>
  <testcase classname="by.traning.task05.service.validator.ThreePointsOnSameLineValidatorTest" name="isThreePointsOnSameLineNegativeTest" time="0.001"/>
  <testcase classname="by.traning.task05.service.validator.ThreePointsOnSameLineValidatorTest" name="isThreePointsOnSameLineTest" time="0"/>
</testsuite>